Arguments: 
  /usr/local/Cellar/node/11.1.0/bin/node /usr/local/Cellar/yarn/1.15.2/libexec/bin/yarn.js add --dev --ignore-engines tslint typscript esm @opennetwork/web-access-control

PATH: 
  /Users/fabian/.yarn/bin:/Users/fabian/.config/yarn/global/node_modules/.bin:/usr/local/bin:/usr/local/share/android-sdk/build-tools/28.0.2:/usr/local/share/android-sdk/platform-tools:/usr/local/share/android-sdk/tools:/usr/local/opt/gradle/bin:/usr/local/opt/maven/bin:/usr/local/opt/ant/bin:/Users/fabian/Library/Python/2.7/bin:/Users/fabian/.npm-packages/bin:/usr/local/bin:/usr/bin:/bin:/usr/sbin:/sbin

Yarn version: 
  1.15.2

Node version: 
  11.13.0

Platform: 
  darwin x64

Trace: 
  Error: https://registry.npmjs.org/typscript: Not found
      at Request.params.callback [as _callback] (/usr/local/Cellar/yarn/1.15.2/libexec/lib/cli.js:66058:18)
      at Request.self.callback (/usr/local/Cellar/yarn/1.15.2/libexec/lib/cli.js:129541:22)
      at Request.emit (events.js:193:13)
      at Request.<anonymous> (/usr/local/Cellar/yarn/1.15.2/libexec/lib/cli.js:130513:10)
      at Request.emit (events.js:193:13)
      at IncomingMessage.<anonymous> (/usr/local/Cellar/yarn/1.15.2/libexec/lib/cli.js:130435:12)
      at Object.onceWrapper (events.js:281:20)
      at IncomingMessage.emit (events.js:198:15)
      at endReadableNT (_stream_readable.js:1142:12)
      at processTicksAndRejections (internal/process/task_queues.js:81:17)

npm manifest: 
  {
    "name": "@opennetwork/http-rdf",
    "version": "1.0.0",
    "main": "./dist/index.js",
    "types": "./dist/index.d.ts",
    "license": "MIT",
    "scripts": {
      "build": "tsc --declaration && npm run tslint",
      "watch": "tsc -w",
      "tslint": "tslint -c tslint.json -p tsconfig.json",
      "prepublishOnly": "npm run build"
    },
    "dependencies": {
      "@opennetwork/http-representation": "^2.0.7",
      "@opennetwork/http-store": "^2.0.1",
      "li": "^1.3.0",
      "pure-uuid": "^1.5.7",
      "rdflib": "^0.20.1"
    },
    "repository": {
      "type": "git",
      "url": "https://github.com/o-network/http-rdf.git"
    },
    "devDependencies": {
      "@types/rdflib": "^0.17.1"
    }
  }

yarn manifest: 
  No manifest

Lockfile: 
  # THIS IS AN AUTOGENERATED FILE. DO NOT EDIT THIS FILE DIRECTLY.
  # yarn lockfile v1
  
  
  "@babel/runtime@^7.0.0":
    version "7.4.3"
    resolved "https://registry.npmjs.org/@babel/runtime/-/runtime-7.4.3.tgz#79888e452034223ad9609187a0ad1fe0d2ad4bdc"
    integrity sha512-9lsJwJLxDh/T3Q3SZszfWOTkk3pHbkmH+3KY+zwIDmsNlxsumuhS2TH3NIpktU4kNvfzy+k3eLT7aTJSPTo0OA==
    dependencies:
      regenerator-runtime "^0.13.2"
  
  "@opennetwork/http-representation@^2.0.7":
    version "2.0.7"
    resolved "https://registry.npmjs.org/@opennetwork/http-representation/-/http-representation-2.0.7.tgz#37301955650ca511d5190f68b96354ed27ea5c2e"
    integrity sha512-l0C47WOjubHuwuC8IsKePgPQmot5+YAp6vHcISVe57oCRgmkC7lBbFlcGc8Qfn/PZNyEDX/sNfXrZeM+qolJOg==
  
  "@opennetwork/http-store@^2.0.1":
    version "2.0.1"
    resolved "https://registry.npmjs.org/@opennetwork/http-store/-/http-store-2.0.1.tgz#4629ba0114ddf4229f978f5d864fe9da5969cdab"
    integrity sha512-jYqBm6sFQ9KL2BK7T2NK8bbgeNTphxVowqM5NiSPI3q9KW6GL811bwAv7FL157bcd4twCCBTsX1DoJ6STLiGXA==
  
  "@solid/cli@^0.1.0":
    version "0.1.0"
    resolved "https://registry.npmjs.org/@solid/cli/-/cli-0.1.0.tgz#82229dcb8f27bc6d72594535aadc7d97d4355a1d"
    integrity sha512-+VYDgDxsAKa48MGnoaX2CUwh0gLrTdqYY6lrxxWGwCHiFChGsg95RRbHOYz9c97+QcCltcHpMZ2AelGZrU673A==
    dependencies:
      "@trust/oidc-rp" "0.6.0"
  
  "@solid/jose@0.1.8":
    version "0.1.8"
    resolved "https://registry.npmjs.org/@solid/jose/-/jose-0.1.8.tgz#dcff7fdfc145890fa2c42a75d3585e0fd98dd8bf"
    integrity sha512-JuP3z2Yuyolv7P0w7MPhjWltWbVzV0vHBFw+ZhxG2v2WOPdbGT+CvUMhCMdMG/csavceV+IpwMXMybMd8nC4sA==
    dependencies:
      "@trust/json-document" "^0.1.4"
      "@trust/webcrypto" "^0.9.2"
      base64url "^3.0.0"
      text-encoding "^0.6.4"
  
  "@solid/oidc-rp@^0.8.0":
    version "0.8.0"
    resolved "https://registry.npmjs.org/@solid/oidc-rp/-/oidc-rp-0.8.0.tgz#1cfd128fef1fa4fd03bafeff8cfdb6568d298857"
    integrity sha512-AAHd+J1IiASDmqDQkU8ou8Gxmc7+VfpcgGFW1rCul/obCsNzSemwvEslxjstK7Yy725HtucoAbZN2BGKujeQAg==
    dependencies:
      "@solid/jose" "0.1.8"
      "@trust/json-document" "^0.1.4"
      "@trust/webcrypto" "0.9.2"
      base64url "^3.0.0"
      node-fetch "^2.1.2"
      standard-http-error "^2.0.1"
      text-encoding "^0.6.4"
      whatwg-url "^6.4.1"
  
  "@trust/jose@^0.1.7":
    version "0.1.7"
    resolved "https://registry.npmjs.org/@trust/jose/-/jose-0.1.7.tgz#49e88e9a0201ca9a44c35ba1cf80bd52c18209ed"
    integrity sha512-JlWY97+Q1pU2CN08Ux5oN1/CXcvxLtQ5YkL4UhgVs4z9TR/+I4rKqhqoZQ0TDGPvCLP1QaT7F6bHbKswbDwgOQ==
    dependencies:
      "@trust/json-document" "^0.1.4"
      "@trust/webcrypto" "^0.0.2"
      base64url "^2.0.0"
      text-encoding "^0.6.1"
  
  "@trust/json-document@^0.1.4":
    version "0.1.4"
    resolved "https://registry.npmjs.org/@trust/json-document/-/json-document-0.1.4.tgz#b2023b1e145ba7685bd1f36ec7b69128940073e9"
    integrity sha1-sgI7HhRbp2hb0fNux7aRKJQAc+k=
  
  "@trust/keyto@^0.3.0", "@trust/keyto@^0.3.4":
    version "0.3.7"
    resolved "https://registry.npmjs.org/@trust/keyto/-/keyto-0.3.7.tgz#e251264e302a7a6be64a3e208dacb2ef6268c946"
    integrity sha512-t5kWWCTkPgg24JWVuCTPMx7l13F7YHdxBeJkT1vmoHjROgiOIEAN8eeY+iRmP1Hwsx+S7U55HyuqSsECr08a8A==
    dependencies:
      asn1.js "^5.0.1"
      base64url "^3.0.1"
      elliptic "^6.4.1"
  
  "@trust/oidc-rp@0.6.0":
    version "0.6.0"
    resolved "https://registry.npmjs.org/@trust/oidc-rp/-/oidc-rp-0.6.0.tgz#0ccd1a451c9bcfb95c287007d9bb6d409b5dd09e"
    integrity sha512-6PgV0WI+gq6nGMjlg8oSxj7VgmS/m8Y61s6HPNBu3mX/NSVvnrXk+MqqR7KdxlBk84ti65O76HGSRNelJrRbeA==
    dependencies:
      "@trust/jose" "^0.1.7"
      "@trust/json-document" "^0.1.4"
      "@trust/webcrypto" "0.4.0"
      base64url "^2.0.0"
      node-fetch "^1.7.3"
      text-encoding "^0.6.4"
      whatwg-url "^6.2.1"
  
  "@trust/webcrypto@0.4.0":
    version "0.4.0"
    resolved "https://registry.npmjs.org/@trust/webcrypto/-/webcrypto-0.4.0.tgz#cc8712ca89a7e71d353fcefb66b2707a679cf635"
    integrity sha1-zIcSyomn5x01P877ZrJwemec9jU=
    dependencies:
      "@trust/keyto" "^0.3.0"
      base64url "^2.0.0"
      node-rsa "^0.4.0"
      text-encoding "^0.6.1"
  
  "@trust/webcrypto@0.9.2", "@trust/webcrypto@^0.9.2":
    version "0.9.2"
    resolved "https://registry.npmjs.org/@trust/webcrypto/-/webcrypto-0.9.2.tgz#c699d4c026a4446b04faa54d5389a81888ba713c"
    integrity sha512-5iMAVcGYKhqLJGjefB1nzuQSqUJTru0nG4CytpBT/GGp1Piz/MVnj2jORdYf4JBYzggCIa8WZUr2rchP2Ngn/w==
    dependencies:
      "@trust/keyto" "^0.3.4"
      base64url "^3.0.0"
      elliptic "^6.4.0"
      node-rsa "^0.4.0"
      text-encoding "^0.6.1"
  
  "@trust/webcrypto@^0.0.2":
    version "0.0.2"
    resolved "https://registry.npmjs.org/@trust/webcrypto/-/webcrypto-0.0.2.tgz#e77c69a2e612b9d392251c5966c73168537e2667"
    integrity sha1-53xpouYSudOSJRxZZscxaFN+Jmc=
    dependencies:
      base64url "^2.0.0"
      node-rsa "^0.4.0"
      pem-jwk "^1.5.1"
      text-encoding "^0.6.1"
  
  "@types/rdflib@^0.17.1":
    version "0.17.1"
    resolved "https://registry.npmjs.org/@types/rdflib/-/rdflib-0.17.1.tgz#3097152f185fab9068fc4e512352aaa9ac8ce8ed"
    integrity sha512-5vvVZrRYeVLmaG76BjJvlIMkWUcyn2fWvCoylVvm2yw5Sxun0i7c093wK37MNcwMZOyHzjGv77PGKbLhnpGv/Q==
  
  ajv@^6.5.5:
    version "6.10.0"
    resolved "https://registry.npmjs.org/ajv/-/ajv-6.10.0.tgz#90d0d54439da587cd7e843bfb7045f50bd22bdf1"
    integrity sha512-nffhOpkymDECQyR0mnsUtoCE8RlX38G0rYP+wgLWFyZuUyuuojSSvi/+euOiQBIn63whYwYVIIH1TvE3tu4OEg==
    dependencies:
      fast-deep-equal "^2.0.1"
      fast-json-stable-stringify "^2.0.0"
      json-schema-traverse "^0.4.1"
      uri-js "^4.2.2"
  
  asn1.js@1.0.3:
    version "1.0.3"
    resolved "https://registry.npmjs.org/asn1.js/-/asn1.js-1.0.3.tgz#281ba3ec1f2448fe765f92a4eecf883fe1364b54"
    integrity sha1-KBuj7B8kSP52X5Kk7s+IP+E2S1Q=
    dependencies:
      inherits "^2.0.1"
      minimalistic-assert "^1.0.0"
    optionalDependencies:
      bn.js "^1.0.0"
  
  asn1.js@^5.0.1:
    version "5.0.1"
    resolved "https://registry.npmjs.org/asn1.js/-/asn1.js-5.0.1.tgz#7668b56416953f0ce3421adbb3893ace59c96f59"
    integrity sha512-aO8EaEgbgqq77IEw+1jfx5c9zTbzvkfuRBuZsSsPnTHMkmd5AI4J6OtITLZFa381jReeaQL67J0GBTUu0+ZTVw==
    dependencies:
      bn.js "^4.0.0"
      inherits "^2.0.1"
      minimalistic-assert "^1.0.0"
  
  asn1@0.2.3:
    version "0.2.3"
    resolved "https://registry.npmjs.org/asn1/-/asn1-0.2.3.tgz#dac8787713c9966849fc8180777ebe9c1ddf3b86"
    integrity sha1-2sh4dxPJlmhJ/IGAd36+nB3fO4Y=
  
  asn1@~0.2.3:
    version "0.2.4"
    resolved "https://registry.npmjs.org/asn1/-/asn1-0.2.4.tgz#8d2475dfab553bb33e77b54e59e880bb8ce23136"
    integrity sha512-jxwzQpLQjSmWXgwaCZE9Nz+glAG01yF1QnWgbhGwHI5A6FRIEY6IVqtHhIepHqI7/kyEyQEagBC5mBEFlIYvdg==
    dependencies:
      safer-buffer "~2.1.0"
  
  assert-plus@1.0.0, assert-plus@^1.0.0:
    version "1.0.0"
    resolved "https://registry.npmjs.org/assert-plus/-/assert-plus-1.0.0.tgz#f12e0f3c5d77b0b1cdd9146942e4e96c1e4dd525"
    integrity sha1-8S4PPF13sLHN2RRpQuTpbB5N1SU=
  
  async@^0.9.x:
    version "0.9.2"
    resolved "https://registry.npmjs.org/async/-/async-0.9.2.tgz#aea74d5e61c1f899613bf64bda66d4c78f2fd17d"
    integrity sha1-rqdNXmHB+JlhO/ZL2mbUx48v0X0=
  
  async@^2.6.1:
    version "2.6.2"
    resolved "https://registry.npmjs.org/async/-/async-2.6.2.tgz#18330ea7e6e313887f5d2f2a904bac6fe4dd5381"
    integrity sha512-H1qVYh1MYhEEFLsP97cVKqCGo7KfCyTt6uEWqsTBr9SO84oK9Uwbyd/yCW+6rKJLHksBNUVWZDAjfS+Ccx0Bbg==
    dependencies:
      lodash "^4.17.11"
  
  asynckit@^0.4.0:
    version "0.4.0"
    resolved "https://registry.npmjs.org/asynckit/-/asynckit-0.4.0.tgz#c79ed97f7f34cb8f2ba1bc9790bcc366474b4b79"
    integrity sha1-x57Zf380y48robyXkLzDZkdLS3k=
  
  auth-header@^1.0.0:
    version "1.0.0"
    resolved "https://registry.npmjs.org/auth-header/-/auth-header-1.0.0.tgz#ea24fdc5588e1eb8b750df8655a396aa48fc9076"
    integrity sha512-CPPazq09YVDUNNVWo4oSPTQmtwIzHusZhQmahCKvIsk0/xH6U3QsMAv3sM+7+Q0B1K2KJ/Q38OND317uXs4NHA==
  
  aws-sign2@~0.7.0:
    version "0.7.0"
    resolved "https://registry.npmjs.org/aws-sign2/-/aws-sign2-0.7.0.tgz#b46e890934a9591f2d2f6f86d7e6a9f1b3fe76a8"
    integrity sha1-tG6JCTSpWR8tL2+G1+ap8bP+dqg=
  
  aws4@^1.8.0:
    version "1.8.0"
    resolved "https://registry.npmjs.org/aws4/-/aws4-1.8.0.tgz#f0e003d9ca9e7f59c7a508945d7b2ef9a04a542f"
    integrity sha512-ReZxvNHIOv88FlT7rxcXIIC0fPt4KZqZbOlivyWtXLt8ESx84zd3kMC6iK5jVeS2qt+g7ftS7ye4fi06X5rtRQ==
  
  base64url@^2.0.0:
    version "2.0.0"
    resolved "https://registry.npmjs.org/base64url/-/base64url-2.0.0.tgz#eac16e03ea1438eff9423d69baa36262ed1f70bb"
    integrity sha1-6sFuA+oUOO/5Qj1puqNiYu0fcLs=
  
  base64url@^3.0.0, base64url@^3.0.1:
    version "3.0.1"
    resolved "https://registry.npmjs.org/base64url/-/base64url-3.0.1.tgz#6399d572e2bc3f90a9a8b22d5dbb0a32d33f788d"
    integrity sha512-ir1UPr3dkwexU7FdV8qBBbNDRUhMmIekYMFZfi+C/sLNnRESKPl23nB9b2pltqfOQNnGzsDdId90AEtG5tCx4A==
  
  bcrypt-pbkdf@^1.0.0:
    version "1.0.2"
    resolved "https://registry.npmjs.org/bcrypt-pbkdf/-/bcrypt-pbkdf-1.0.2.tgz#a4301d389b6a43f9b67ff3ca11a3f6637e360e9e"
    integrity sha1-pDAdOJtqQ/m2f/PKEaP2Y342Dp4=
    dependencies:
      tweetnacl "^0.14.3"
  
  bn.js@^1.0.0:
    version "1.3.0"
    resolved "https://registry.npmjs.org/bn.js/-/bn.js-1.3.0.tgz#0db4cbf96f8f23b742f5bcb9d1aa7a9994a05e83"
    integrity sha1-DbTL+W+PI7dC9by50ap6mZSgXoM=
  
  bn.js@^4.0.0, bn.js@^4.4.0:
    version "4.11.8"
    resolved "https://registry.npmjs.org/bn.js/-/bn.js-4.11.8.tgz#2cde09eb5ee341f484746bb0309b3253b1b1442f"
    integrity sha512-ItfYfPLkWHUjckQCk8xC+LwxgK8NYcXywGigJgSwOP8Y2iyWT4f2vsZnoOXTTbo+o5yXmIUJ4gn5538SO5S3gA==
  
  brorand@^1.0.1:
    version "1.1.0"
    resolved "https://registry.npmjs.org/brorand/-/brorand-1.1.0.tgz#12c25efe40a45e3c323eb8675a0a0ce57b22371f"
    integrity sha1-EsJe/kCkXjwyPrhnWgoM5XsiNx8=
  
  buffer-from@^1.0.0:
    version "1.1.1"
    resolved "https://registry.npmjs.org/buffer-from/-/buffer-from-1.1.1.tgz#32713bc028f75c02fdb710d7c7bcec1f2c6070ef"
    integrity sha512-MQcXEUbCKtEo7bhqEs6560Hyd4XaovZlO/k9V3hjVUF/zwW7KBVdSK4gIt/bzwS9MbR5qob+F5jusZsb0YQK2A==
  
  caseless@~0.12.0:
    version "0.12.0"
    resolved "https://registry.npmjs.org/caseless/-/caseless-0.12.0.tgz#1b681c21ff84033c826543090689420d187151dc"
    integrity sha1-G2gcIf+EAzyCZUMJBolCDRhxUdw=
  
  combined-stream@^1.0.6, combined-stream@~1.0.6:
    version "1.0.7"
    resolved "https://registry.npmjs.org/combined-stream/-/combined-stream-1.0.7.tgz#2d1d24317afb8abe95d6d2c0b07b57813539d828"
    integrity sha512-brWl9y6vOB1xYPZcpZde3N9zDByXTosAeMDo4p1wzo6UMOX4vumB+TP1RZ76sfE6Md68Q0NJSrE/gbezd4Ul+w==
    dependencies:
      delayed-stream "~1.0.0"
  
  commander@^2.11.0:
    version "2.20.0"
    resolved "https://registry.npmjs.org/commander/-/commander-2.20.0.tgz#d58bb2b5c1ee8f87b0d340027e9e94e222c5a422"
    integrity sha512-7j2y+40w61zy6YC2iRNpUe/NwhNyoXrYpHMrSunaMG64nRnaf96zO/KMQR4OyN/UnE5KLyEBnKHd4aG3rskjpQ==
  
  concat-stream@^2.0.0:
    version "2.0.0"
    resolved "https://registry.npmjs.org/concat-stream/-/concat-stream-2.0.0.tgz#414cf5af790a48c60ab9be4527d56d5e41133cb1"
    integrity sha512-MWufYdFw53ccGjCA+Ol7XJYpAlW6/prSMzuPOTRnJGcGzuhLn4Scrz7qf6o8bROZ514ltazcIFJZevcfbo0x7A==
    dependencies:
      buffer-from "^1.0.0"
      inherits "^2.0.3"
      readable-stream "^3.0.2"
      typedarray "^0.0.6"
  
  core-util-is@1.0.2, core-util-is@~1.0.0:
    version "1.0.2"
    resolved "https://registry.npmjs.org/core-util-is/-/core-util-is-1.0.2.tgz#b5fd54220aa2bc5ab57aab7140c940754503c1a7"
    integrity sha1-tf1UIgqivFq1eqtxQMlAdUUDwac=
  
  dashdash@^1.12.0:
    version "1.14.1"
    resolved "https://registry.npmjs.org/dashdash/-/dashdash-1.14.1.tgz#853cfa0f7cbe2fed5de20326b8dd581035f6e2f0"
    integrity sha1-hTz6D3y+L+1d4gMmuN1YEDX24vA=
    dependencies:
      assert-plus "^1.0.0"
  
  delayed-stream@~1.0.0:
    version "1.0.0"
    resolved "https://registry.npmjs.org/delayed-stream/-/delayed-stream-1.0.0.tgz#df3ae199acadfb7d440aaae0b29e2272b24ec619"
    integrity sha1-3zrhmayt+31ECqrgsp4icrJOxhk=
  
  ecc-jsbn@~0.1.1:
    version "0.1.2"
    resolved "https://registry.npmjs.org/ecc-jsbn/-/ecc-jsbn-0.1.2.tgz#3a83a904e54353287874c564b7549386849a98c9"
    integrity sha1-OoOpBOVDUyh4dMVkt1SThoSamMk=
    dependencies:
      jsbn "~0.1.0"
      safer-buffer "^2.1.0"
  
  elliptic@^6.4.0, elliptic@^6.4.1:
    version "6.4.1"
    resolved "https://registry.npmjs.org/elliptic/-/elliptic-6.4.1.tgz#c2d0b7776911b86722c632c3c06c60f2f819939a"
    integrity sha512-BsXLz5sqX8OHcsh7CqBMztyXARmGQ3LWPtGjJi6DiJHq5C/qvi9P3OqgswKSDftbu8+IoI/QDTAm2fFnQ9SZSQ==
    dependencies:
      bn.js "^4.4.0"
      brorand "^1.0.1"
      hash.js "^1.0.0"
      hmac-drbg "^1.0.0"
      inherits "^2.0.1"
      minimalistic-assert "^1.0.0"
      minimalistic-crypto-utils "^1.0.0"
  
  encoding@^0.1.11:
    version "0.1.12"
    resolved "https://registry.npmjs.org/encoding/-/encoding-0.1.12.tgz#538b66f3ee62cd1ab51ec323829d1f9480c74beb"
    integrity sha1-U4tm8+5izRq1HsMjgp0flIDHS+s=
    dependencies:
      iconv-lite "~0.4.13"
  
  es6-promise@^2.0.0:
    version "2.3.0"
    resolved "https://registry.npmjs.org/es6-promise/-/es6-promise-2.3.0.tgz#96edb9f2fdb01995822b263dd8aadab6748181bc"
    integrity sha1-lu258v2wGZWCKyY92KratnSBgbw=
  
  extend@~3.0.2:
    version "3.0.2"
    resolved "https://registry.npmjs.org/extend/-/extend-3.0.2.tgz#f8b1136b4071fbd8eb140aff858b1019ec2915fa"
    integrity sha512-fjquC59cD7CyW6urNXK0FBufkZcoiGG80wTuPujX590cB5Ttln20E2UB4S/WARVqhXffZl2LNgS+gQdPIIim/g==
  
  extsprintf@1.3.0:
    version "1.3.0"
    resolved "https://registry.npmjs.org/extsprintf/-/extsprintf-1.3.0.tgz#96918440e3041a7a414f8c52e3c574eb3c3e1e05"
    integrity sha1-lpGEQOMEGnpBT4xS48V06zw+HgU=
  
  extsprintf@^1.2.0:
    version "1.4.0"
    resolved "https://registry.npmjs.org/extsprintf/-/extsprintf-1.4.0.tgz#e2689f8f356fad62cca65a3a91c5df5f9551692f"
    integrity sha1-4mifjzVvrWLMplo6kcXfX5VRaS8=
  
  fast-deep-equal@^2.0.1:
    version "2.0.1"
    resolved "https://registry.npmjs.org/fast-deep-equal/-/fast-deep-equal-2.0.1.tgz#7b05218ddf9667bf7f370bf7fdb2cb15fdd0aa49"
    integrity sha1-ewUhjd+WZ79/Nwv3/bLLFf3Qqkk=
  
  fast-json-stable-stringify@^2.0.0:
    version "2.0.0"
    resolved "https://registry.npmjs.org/fast-json-stable-stringify/-/fast-json-stable-stringify-2.0.0.tgz#d5142c0caee6b1189f87d3a76111064f86c8bbf2"
    integrity sha1-1RQsDK7msRifh9OnYREGT4bIu/I=
  
  file-fetch@^1.1.1:
    version "1.2.0"
    resolved "https://registry.npmjs.org/file-fetch/-/file-fetch-1.2.0.tgz#949dc2e7577dda526be9e638053127278c5e7694"
    integrity sha512-DzwKhcH/afS7thk5hao1kVJXIqMNB2pz0DFpjpA5IlIAA0nSqi/fqFQpX++NP9IK+Te7Z1ZxA5KTWKmdzio+tA==
    dependencies:
      concat-stream "^2.0.0"
      mime-types "^2.1.17"
      node-fetch "^2.3.0"
      readable-error "^1.0.0"
  
  forever-agent@~0.6.1:
    version "0.6.1"
    resolved "https://registry.npmjs.org/forever-agent/-/forever-agent-0.6.1.tgz#fbc71f0c41adeb37f96c577ad1ed42d8fdacca91"
    integrity sha1-+8cfDEGt6zf5bFd60e1C2P2sypE=
  
  form-data@~2.3.2:
    version "2.3.3"
    resolved "https://registry.npmjs.org/form-data/-/form-data-2.3.3.tgz#dcce52c05f644f298c6a7ab936bd724ceffbf3a6"
    integrity sha512-1lLKB2Mu3aGP1Q/2eCOx0fNbRMe7XdwktwOruhfqqd0rIJWwN4Dh+E3hrPSlDCXnSR7UtZ1N38rVXm+6+MEhJQ==
    dependencies:
      asynckit "^0.4.0"
      combined-stream "^1.0.6"
      mime-types "^2.1.12"
  
  fs@0.0.1-security:
    version "0.0.1-security"
    resolved "https://registry.npmjs.org/fs/-/fs-0.0.1-security.tgz#8a7bd37186b6dddf3813f23858b57ecaaf5e41d4"
    integrity sha1-invTcYa23d84E/I4WLV+yq9eQdQ=
  
  getpass@^0.1.1:
    version "0.1.7"
    resolved "https://registry.npmjs.org/getpass/-/getpass-0.1.7.tgz#5eff8e3e684d569ae4cb2b1282604e8ba62149fa"
    integrity sha1-Xv+OPmhNVprkyysSgmBOi6YhSfo=
    dependencies:
      assert-plus "^1.0.0"
  
  har-schema@^2.0.0:
    version "2.0.0"
    resolved "https://registry.npmjs.org/har-schema/-/har-schema-2.0.0.tgz#a94c2224ebcac04782a0d9035521f24735b7ec92"
    integrity sha1-qUwiJOvKwEeCoNkDVSHyRzW37JI=
  
  har-validator@~5.1.0:
    version "5.1.3"
    resolved "https://registry.npmjs.org/har-validator/-/har-validator-5.1.3.tgz#1ef89ebd3e4996557675eed9893110dc350fa080"
    integrity sha512-sNvOCzEQNr/qrvJgc3UG/kD4QtlHycrzwS+6mfTrrSq97BvaYcPZZI1ZSqGSPR73Cxn4LKTD4PttRwfU7jWq5g==
    dependencies:
      ajv "^6.5.5"
      har-schema "^2.0.0"
  
  hash.js@^1.0.0, hash.js@^1.0.3:
    version "1.1.7"
    resolved "https://registry.npmjs.org/hash.js/-/hash.js-1.1.7.tgz#0babca538e8d4ee4a0f8988d68866537a003cf42"
    integrity sha512-taOaskGt4z4SOANNseOviYDvjEJinIkRgmp7LbKP2YTTmVxWBl87s/uzK9r+44BclBSp2X7K1hqeNfz9JbBeXA==
    dependencies:
      inherits "^2.0.3"
      minimalistic-assert "^1.0.1"
  
  hmac-drbg@^1.0.0:
    version "1.0.1"
    resolved "https://registry.npmjs.org/hmac-drbg/-/hmac-drbg-1.0.1.tgz#d2745701025a6c775a6c545793ed502fc0c649a1"
    integrity sha1-0nRXAQJabHdabFRXk+1QL8DGSaE=
    dependencies:
      hash.js "^1.0.3"
      minimalistic-assert "^1.0.0"
      minimalistic-crypto-utils "^1.0.1"
  
  http-signature@~1.2.0:
    version "1.2.0"
    resolved "https://registry.npmjs.org/http-signature/-/http-signature-1.2.0.tgz#9aecd925114772f3d95b65a60abb8f7c18fbace1"
    integrity sha1-muzZJRFHcvPZW2WmCruPfBj7rOE=
    dependencies:
      assert-plus "^1.0.0"
      jsprim "^1.2.2"
      sshpk "^1.7.0"
  
  iconv-lite@~0.4.13:
    version "0.4.24"
    resolved "https://registry.npmjs.org/iconv-lite/-/iconv-lite-0.4.24.tgz#2022b4b25fbddc21d2f524974a474aafe733908b"
    integrity sha512-v3MXnZAcvnywkTUEZomIActle7RXXeedOR31wwl7VlyoXO4Qi9arvSenNQWne1TcRwhCL1HwLI21bEqdpj8/rA==
    dependencies:
      safer-buffer ">= 2.1.2 < 3"
  
  inherits@^2.0.1, inherits@^2.0.3, inherits@~2.0.3:
    version "2.0.3"
    resolved "https://registry.npmjs.org/inherits/-/inherits-2.0.3.tgz#633c2c83e3da42a502f52466022480f4208261de"
    integrity sha1-Yzwsg+PaQqUC9SRmAiSA9CCCYd4=
  
  is-stream@^1.0.1:
    version "1.1.0"
    resolved "https://registry.npmjs.org/is-stream/-/is-stream-1.1.0.tgz#12d4a3dd4e68e0b79ceb8dbc84173ae80d91ca44"
    integrity sha1-EtSj3U5o4Lec6428hBc66A2RykQ=
  
  is-typedarray@~1.0.0:
    version "1.0.0"
    resolved "https://registry.npmjs.org/is-typedarray/-/is-typedarray-1.0.0.tgz#e479c80858df0c1b11ddda6940f96011fcda4a9a"
    integrity sha1-5HnICFjfDBsR3dppQPlgEfzaSpo=
  
  isarray@~1.0.0:
    version "1.0.0"
    resolved "https://registry.npmjs.org/isarray/-/isarray-1.0.0.tgz#bb935d48582cba168c06834957a54a3e07124f11"
    integrity sha1-u5NdSFgsuhaMBoNJV6VKPgcSTxE=
  
  isomorphic-fetch@^2.2.1:
    version "2.2.1"
    resolved "https://registry.npmjs.org/isomorphic-fetch/-/isomorphic-fetch-2.2.1.tgz#611ae1acf14f5e81f729507472819fe9733558a9"
    integrity sha1-YRrhrPFPXoH3KVB0coGf6XM1WKk=
    dependencies:
      node-fetch "^1.0.1"
      whatwg-fetch ">=0.10.0"
  
  isstream@~0.1.2:
    version "0.1.2"
    resolved "https://registry.npmjs.org/isstream/-/isstream-0.1.2.tgz#47e63f7af55afa6f92e1500e690eb8b8529c099a"
    integrity sha1-R+Y/evVa+m+S4VAOaQ64uFKcCZo=
  
  jsbn@~0.1.0:
    version "0.1.1"
    resolved "https://registry.npmjs.org/jsbn/-/jsbn-0.1.1.tgz#a5e654c2e5a2deb5f201d96cefbca80c0ef2f513"
    integrity sha1-peZUwuWi3rXyAdls77yoDA7y9RM=
  
  json-schema-traverse@^0.4.1:
    version "0.4.1"
    resolved "https://registry.npmjs.org/json-schema-traverse/-/json-schema-traverse-0.4.1.tgz#69f6a87d9513ab8bb8fe63bdb0979c448e684660"
    integrity sha512-xbbCH5dCYU5T8LcEhhuh7HJ88HXuW3qsI3Y0zOZFKfZEHcpWiHU/Jxzk629Brsab/mMiHQti9wMP+845RPe3Vg==
  
  json-schema@0.2.3:
    version "0.2.3"
    resolved "https://registry.npmjs.org/json-schema/-/json-schema-0.2.3.tgz#b480c892e59a2f05954ce727bd3f2a4e882f9e13"
    integrity sha1-tIDIkuWaLwWVTOcnvT8qTogvnhM=
  
  json-stringify-safe@~5.0.1:
    version "5.0.1"
    resolved "https://registry.npmjs.org/json-stringify-safe/-/json-stringify-safe-5.0.1.tgz#1296a2d58fd45f19a0f6ce01d65701e2c735b6eb"
    integrity sha1-Epai1Y/UXxmg9s4B1lcB4sc1tus=
  
  jsonld@^0.4.5:
    version "0.4.12"
    resolved "https://registry.npmjs.org/jsonld/-/jsonld-0.4.12.tgz#a02f205d5341414df1b6d8414f1b967a712073e8"
    integrity sha1-oC8gXVNBQU3xtthBTxuWenEgc+g=
    dependencies:
      es6-promise "^2.0.0"
      pkginfo "~0.4.0"
      request "^2.61.0"
      xmldom "0.1.19"
  
  jsonld@^1.4.0:
    version "1.5.4"
    resolved "https://registry.npmjs.org/jsonld/-/jsonld-1.5.4.tgz#ac7509cc8180a3ee4235d3dbece55a204617c577"
    integrity sha512-+cJ5JmXBBlf0zagJDiz1NsnMBQyd4p+LV8x8UQfjCVBhFDcL6hWduDXMUp8XOgLtt8L9LjRCbUj1NL+tU17GqA==
    dependencies:
      rdf-canonize "^1.0.2"
      request "^2.88.0"
      semver "^5.6.0"
      xmldom "0.1.19"
  
  jsprim@^1.2.2:
    version "1.4.1"
    resolved "https://registry.npmjs.org/jsprim/-/jsprim-1.4.1.tgz#313e66bc1e5cc06e438bc1b7499c2e5c56acb6a2"
    integrity sha1-MT5mvB5cwG5Di8G3SZwuXFastqI=
    dependencies:
      assert-plus "1.0.0"
      extsprintf "1.3.0"
      json-schema "0.2.3"
      verror "1.10.0"
  
  li@^1.3.0:
    version "1.3.0"
    resolved "https://registry.npmjs.org/li/-/li-1.3.0.tgz#22c59bcaefaa9a8ef359cf759784e4bf106aea1b"
    integrity sha1-IsWbyu+qmo7zWc91l4TkvxBq6hs=
  
  lodash.sortby@^4.7.0:
    version "4.7.0"
    resolved "https://registry.npmjs.org/lodash.sortby/-/lodash.sortby-4.7.0.tgz#edd14c824e2cc9c1e0b0a1b42bb5210516a42438"
    integrity sha1-7dFMgk4sycHgsKG0K7UhBRakJDg=
  
  lodash@^4.17.11:
    version "4.17.11"
    resolved "https://registry.npmjs.org/lodash/-/lodash-4.17.11.tgz#b39ea6229ef607ecd89e2c8df12536891cac9b8d"
    integrity sha512-cQKh8igo5QUhZ7lg38DYWAxMvjSAKG0A8wGSVimP07SIUEK2UO+arSRKbRZWtelMtN5V0Hkwh5ryOto/SshYIg==
  
  mime-db@~1.38.0:
    version "1.38.0"
    resolved "https://registry.npmjs.org/mime-db/-/mime-db-1.38.0.tgz#1a2aab16da9eb167b49c6e4df2d9c68d63d8e2ad"
    integrity sha512-bqVioMFFzc2awcdJZIzR3HjZFX20QhilVS7hytkKrv7xFAn8bM1gzc/FOX2awLISvWe0PV8ptFKcon+wZ5qYkg==
  
  mime-types@^2.1.12, mime-types@^2.1.17, mime-types@~2.1.19:
    version "2.1.22"
    resolved "https://registry.npmjs.org/mime-types/-/mime-types-2.1.22.tgz#fe6b355a190926ab7698c9a0556a11199b2199bd"
    integrity sha512-aGl6TZGnhm/li6F7yx82bJiBZwgiEa4Hf6CNr8YO+r5UHr53tSTYZb102zyU50DOWWKeOv0uQLRL0/9EiKWCog==
    dependencies:
      mime-db "~1.38.0"
  
  minimalistic-assert@^1.0.0, minimalistic-assert@^1.0.1:
    version "1.0.1"
    resolved "https://registry.npmjs.org/minimalistic-assert/-/minimalistic-assert-1.0.1.tgz#2e194de044626d4a10e7f7fbc00ce73e83e4d5c7"
    integrity sha512-UtJcAD4yEaGtjPezWuO9wC4nwUnVH/8/Im3yEHQP4b67cXlD/Qr9hdITCU1xDbSEXg2XKNaP8jsReV7vQd00/A==
  
  minimalistic-crypto-utils@^1.0.0, minimalistic-crypto-utils@^1.0.1:
    version "1.0.1"
    resolved "https://registry.npmjs.org/minimalistic-crypto-utils/-/minimalistic-crypto-utils-1.0.1.tgz#f6c00c1c0b082246e5c4d99dfb8c7c083b2b582a"
    integrity sha1-9sAMHAsIIkblxNmd+4x8CDsrWCo=
  
  n3@^0.4.1:
    version "0.4.5"
    resolved "https://registry.npmjs.org/n3/-/n3-0.4.5.tgz#5b70d3ab6a21c9e8d4c9bda2a3d4d90909beb508"
    integrity sha1-W3DTq2ohyejUyb2io9TZCQm+tQg=
  
  n3@^1.0.3:
    version "1.1.0"
    resolved "https://registry.npmjs.org/n3/-/n3-1.1.0.tgz#2c545f620ed311fca88c5f09dc0be9118eb4f6f8"
    integrity sha512-a0RPEMuLTqriUQf/cGRKHWB5enMr9oab6EQIMk9kjKG3BxMlPEDHsbbNiHmPvCD9FBUTgX/+Bh6Lfdq4iGrYDQ==
  
  node-fetch@^1.0.1, node-fetch@^1.7.3:
    version "1.7.3"
    resolved "https://registry.npmjs.org/node-fetch/-/node-fetch-1.7.3.tgz#980f6f72d85211a5347c6b2bc18c5b84c3eb47ef"
    integrity sha512-NhZ4CsKx7cYm2vSrBAr2PvFOe6sWDf0UYLRqA6svUYg7+/TSfVAu49jYC4BvQ4Sms9SZgdqGBgroqfDhJdTyKQ==
    dependencies:
      encoding "^0.1.11"
      is-stream "^1.0.1"
  
  node-fetch@^2.1.2, node-fetch@^2.3.0:
    version "2.3.0"
    resolved "https://registry.npmjs.org/node-fetch/-/node-fetch-2.3.0.tgz#1a1d940bbfb916a1d3e0219f037e89e71f8c5fa5"
    integrity sha512-MOd8pV3fxENbryESLgVIeaGKrdl+uaYhCSSVkjeOb/31/njTpcis5aWfdqgNlHIrKOLRbMnfPINPOML2CIFeXA==
  
  node-forge@^0.8.1:
    version "0.8.2"
    resolved "https://registry.npmjs.org/node-forge/-/node-forge-0.8.2.tgz#b4bcc59fb12ce77a8825fc6a783dfe3182499c5a"
    integrity sha512-mXQ9GBq1N3uDCyV1pdSzgIguwgtVpM7f5/5J4ipz12PKWElmPpVWLDuWl8iXmhysr21+WmX/OJ5UKx82wjomgg==
  
  node-rsa@^0.4.0:
    version "0.4.2"
    resolved "https://registry.npmjs.org/node-rsa/-/node-rsa-0.4.2.tgz#d6391729ec16a830ed5a38042b3157d2d5d72530"
    integrity sha1-1jkXKewWqDDtWjgEKzFX0tXXJTA=
    dependencies:
      asn1 "0.2.3"
  
  oauth-sign@~0.9.0:
    version "0.9.0"
    resolved "https://registry.npmjs.org/oauth-sign/-/oauth-sign-0.9.0.tgz#47a7b016baa68b5fa0ecf3dee08a85c679ac6455"
    integrity sha512-fexhUFFPTGV8ybAtSIGbV6gOkSv8UtRbDBnAyLQw4QPKkgNlsH2ByPGtMUqdWkos6YCRmAqViwgZrJc/mRDzZQ==
  
  pem-jwk@^1.5.1:
    version "1.5.1"
    resolved "https://registry.npmjs.org/pem-jwk/-/pem-jwk-1.5.1.tgz#7a8637fd2f67a827e57c0c42e1c23c3fd52cfb01"
    integrity sha1-eoY3/S9nqCflfAxC4cI8P9Us+wE=
    dependencies:
      asn1.js "1.0.3"
  
  performance-now@^2.1.0:
    version "2.1.0"
    resolved "https://registry.npmjs.org/performance-now/-/performance-now-2.1.0.tgz#6309f4e0e5fa913ec1c69307ae364b4b377c9e7b"
    integrity sha1-Ywn04OX6kT7BxpMHrjZLSzd8nns=
  
  pkginfo@~0.4.0:
    version "0.4.1"
    resolved "https://registry.npmjs.org/pkginfo/-/pkginfo-0.4.1.tgz#b5418ef0439de5425fc4995042dced14fb2a84ff"
    integrity sha1-tUGO8EOd5UJfxJlQQtztFPsqhP8=
  
  process-nextick-args@~2.0.0:
    version "2.0.0"
    resolved "https://registry.npmjs.org/process-nextick-args/-/process-nextick-args-2.0.0.tgz#a37d732f4271b4ab1ad070d35508e8290788ffaa"
    integrity sha512-MtEC1TqN0EU5nephaJ4rAtThHtC86dNN9qCuEhtshvpVBkAW5ZO7BASN9REnF9eoXGcRub+pFuKEpOHE+HbEMw==
  
  psl@^1.1.24:
    version "1.1.31"
    resolved "https://registry.npmjs.org/psl/-/psl-1.1.31.tgz#e9aa86d0101b5b105cbe93ac6b784cd547276184"
    integrity sha512-/6pt4+C+T+wZUieKR620OpzN/LlnNKuWjy1iFLQ/UG35JqHlR/89MP1d96dUfkf6Dne3TuLQzOYEYshJ+Hx8mw==
  
  punycode@^1.4.1:
    version "1.4.1"
    resolved "https://registry.npmjs.org/punycode/-/punycode-1.4.1.tgz#c0d5a63b2718800ad8e1eb0fa5269c84dd41845e"
    integrity sha1-wNWmOycYgArY4esPpSachN1BhF4=
  
  punycode@^2.1.0:
    version "2.1.1"
    resolved "https://registry.npmjs.org/punycode/-/punycode-2.1.1.tgz#b58b010ac40c22c5657616c8d2c2c02c7bf479ec"
    integrity sha512-XRsRjdf+j5ml+y/6GKHPZbrF/8p2Yga0JPtdqTIY2Xe5ohJPD9saDJJLPvp9+NSBprVvevdXZybnj2cv8OEd0A==
  
  pure-uuid@^1.5.7:
    version "1.5.7"
    resolved "https://registry.npmjs.org/pure-uuid/-/pure-uuid-1.5.7.tgz#c089845d85e3b33a070bf4dc8cce30906880e9bd"
    integrity sha512-g8kcLZcJi1ePpuNxrnI6a4re2ze89FPnV6dXaDuW4K9+n+SzvolhR2uoZhHJvz1Ilba0U8hvb1clxTLN49EvuQ==
  
  qs@~6.5.2:
    version "6.5.2"
    resolved "https://registry.npmjs.org/qs/-/qs-6.5.2.tgz#cb3ae806e8740444584ef154ce8ee98d403f3e36"
    integrity sha512-N5ZAX4/LxJmF+7wN74pUD6qAh9/wnvdQcjq9TZjevvXzSUo7bfmw91saqMjzGS2xq91/odN2dW/WOl7qQHNDGA==
  
  rdf-canonize@^1.0.2:
    version "1.0.3"
    resolved "https://registry.npmjs.org/rdf-canonize/-/rdf-canonize-1.0.3.tgz#71dc56bb808a39d12e3ca17674c15f881cad648a"
    integrity sha512-piLMOB5Q6LJSVx2XzmdpHktYVb8TmVTy8coXJBFtdkcMC96DknZOuzpAYqCWx2ERZX7xEW+mMi8/wDuMJS/95w==
    dependencies:
      node-forge "^0.8.1"
      semver "^5.6.0"
  
  rdflib@^0.20.1:
    version "0.20.1"
    resolved "https://registry.npmjs.org/rdflib/-/rdflib-0.20.1.tgz#e2e8dbff7723f456149881ae5c7e97c3b9757551"
    integrity sha512-5G1t7rURqPdsYE+mjpDW2e9/H19XFMuChTIjPFPtH2tI0fma+xlJYwrSgmd1aOm45SOYKpqwJfTSIvFpmP2n+g==
    dependencies:
      async "^0.9.x"
      jsonld "^0.4.5"
      n3 "^0.4.1"
      solid-auth-cli "^0.1.12"
      solid-auth-client "^2.3.0"
      xmldom "^0.1.22"
  
  readable-error@^1.0.0:
    version "1.0.0"
    resolved "https://registry.npmjs.org/readable-error/-/readable-error-1.0.0.tgz#24a572d13168dcd92aa7a9dcce3757d0f648f271"
    integrity sha512-CLnInu5bUphmFiZ3pD/BC6+Cg4/BzK6ZMvWfd0b2QMzYo159Z/f/nVFQ9L5IeMrqUxy0EFsp3XJ+BRfLfY13IQ==
    dependencies:
      readable-stream "^2.3.3"
  
  readable-stream@^2.3.3:
    version "2.3.6"
    resolved "https://registry.npmjs.org/readable-stream/-/readable-stream-2.3.6.tgz#b11c27d88b8ff1fbe070643cf94b0c79ae1b0aaf"
    integrity sha512-tQtKA9WIAhBF3+VLAseyMqZeBjW0AHJoxOtYqSUZNJxauErmLbVm2FW1y+J/YA9dUrAC39ITejlZWhVIwawkKw==
    dependencies:
      core-util-is "~1.0.0"
      inherits "~2.0.3"
      isarray "~1.0.0"
      process-nextick-args "~2.0.0"
      safe-buffer "~5.1.1"
      string_decoder "~1.1.1"
      util-deprecate "~1.0.1"
  
  readable-stream@^3.0.2:
    version "3.3.0"
    resolved "https://registry.npmjs.org/readable-stream/-/readable-stream-3.3.0.tgz#cb8011aad002eb717bf040291feba8569c986fb9"
    integrity sha512-EsI+s3k3XsW+fU8fQACLN59ky34AZ14LoeVZpYwmZvldCFo0r0gnelwF2TcMjLor/BTL5aDJVBMkss0dthToPw==
    dependencies:
      inherits "^2.0.3"
      string_decoder "^1.1.1"
      util-deprecate "^1.0.1"
  
  regenerator-runtime@^0.13.2:
    version "0.13.2"
    resolved "https://registry.npmjs.org/regenerator-runtime/-/regenerator-runtime-0.13.2.tgz#32e59c9a6fb9b1a4aff09b4930ca2d4477343447"
    integrity sha512-S/TQAZJO+D3m9xeN1WTI8dLKBBiRgXBlTJvbWjCThHWZj9EvHK70Ff50/tYj2J/fvBY6JtFVwRuazHN2E7M9BA==
  
  request@^2.61.0, request@^2.88.0:
    version "2.88.0"
    resolved "https://registry.npmjs.org/request/-/request-2.88.0.tgz#9c2fca4f7d35b592efe57c7f0a55e81052124fef"
    integrity sha512-NAqBSrijGLZdM0WZNsInLJpkJokL72XYjUpnB0iwsRgxh7dB6COrHnTBNwN0E+lHDAJzu7kLAkDeY08z2/A0hg==
    dependencies:
      aws-sign2 "~0.7.0"
      aws4 "^1.8.0"
      caseless "~0.12.0"
      combined-stream "~1.0.6"
      extend "~3.0.2"
      forever-agent "~0.6.1"
      form-data "~2.3.2"
      har-validator "~5.1.0"
      http-signature "~1.2.0"
      is-typedarray "~1.0.0"
      isstream "~0.1.2"
      json-stringify-safe "~5.0.1"
      mime-types "~2.1.19"
      oauth-sign "~0.9.0"
      performance-now "^2.1.0"
      qs "~6.5.2"
      safe-buffer "^5.1.2"
      tough-cookie "~2.4.3"
      tunnel-agent "^0.6.0"
      uuid "^3.3.2"
  
  safe-buffer@^5.0.1, safe-buffer@^5.1.2, safe-buffer@~5.1.0, safe-buffer@~5.1.1:
    version "5.1.2"
    resolved "https://registry.npmjs.org/safe-buffer/-/safe-buffer-5.1.2.tgz#991ec69d296e0313747d59bdfd2b745c35f8828d"
    integrity sha512-Gd2UZBJDkXlY7GbJxfsE8/nvKkUEU1G38c1siN6QP6a9PT9MmHB8GnpscSmMJSoF8LOIrt8ud/wPtojys4G6+g==
  
  "safer-buffer@>= 2.1.2 < 3", safer-buffer@^2.0.2, safer-buffer@^2.1.0, safer-buffer@~2.1.0:
    version "2.1.2"
    resolved "https://registry.npmjs.org/safer-buffer/-/safer-buffer-2.1.2.tgz#44fa161b0187b9549dd84bb91802f9bd8385cd6a"
    integrity sha512-YZo3K82SD7Riyi0E1EQPojLz7kpepnSQI9IyPbHHg1XXXevb5dJI7tpyN2ADxGcQbHG7vcyRHk0cbwqcQriUtg==
  
  semver@^5.6.0:
    version "5.7.0"
    resolved "https://registry.npmjs.org/semver/-/semver-5.7.0.tgz#790a7cf6fea5459bac96110b29b60412dc8ff96b"
    integrity sha512-Ya52jSX2u7QKghxeoFGpLwCtGlt7j0oY9DYb5apt9nPlJ42ID+ulTXESnt/qAQcoSERyZ5sl3LDIOw0nAn/5DA==
  
  solid-auth-cli@^0.1.12:
    version "0.1.13"
    resolved "https://registry.npmjs.org/solid-auth-cli/-/solid-auth-cli-0.1.13.tgz#1130dfd8f2a6436cf6f2272960fe0952ea01d946"
    integrity sha512-mRZ4eaWniGd9jLRzSWD3n9EwMfTcmwlfXK5MggIzSQOyXa1XJCWxHnJDL0DWTX5sMi1ovYa6RI4u6TNOzsEZiw==
    dependencies:
      "@solid/cli" "^0.1.0"
      async "^2.6.1"
      file-fetch "^1.1.1"
      fs "0.0.1-security"
      isomorphic-fetch "^2.2.1"
      jsonld "^1.4.0"
      n3 "^1.0.3"
  
  solid-auth-client@^2.3.0:
    version "2.3.0"
    resolved "https://registry.npmjs.org/solid-auth-client/-/solid-auth-client-2.3.0.tgz#4bac06984b61981ad9d06f285b8ead6200f21aaa"
    integrity sha512-+9RfqC64oWpH4afoWYhCtieuAziFyWiiW/isB9XEV6N+yb2jZ69UCJxpX7iBCpxK0j36bDeisdbp0zHRp/F46A==
    dependencies:
      "@babel/runtime" "^7.0.0"
      "@solid/oidc-rp" "^0.8.0"
      auth-header "^1.0.0"
      commander "^2.11.0"
      isomorphic-fetch "^2.2.1"
  
  sshpk@^1.7.0:
    version "1.16.1"
    resolved "https://registry.npmjs.org/sshpk/-/sshpk-1.16.1.tgz#fb661c0bef29b39db40769ee39fa70093d6f6877"
    integrity sha512-HXXqVUq7+pcKeLqqZj6mHFUMvXtOJt1uoUx09pFW6011inTMxqI8BA8PM95myrIyyKwdnzjdFjLiE6KBPVtJIg==
    dependencies:
      asn1 "~0.2.3"
      assert-plus "^1.0.0"
      bcrypt-pbkdf "^1.0.0"
      dashdash "^1.12.0"
      ecc-jsbn "~0.1.1"
      getpass "^0.1.1"
      jsbn "~0.1.0"
      safer-buffer "^2.0.2"
      tweetnacl "~0.14.0"
  
  "standard-error@>= 1.1.0 < 2":
    version "1.1.0"
    resolved "https://registry.npmjs.org/standard-error/-/standard-error-1.1.0.tgz#23e5168fa1c0820189e5812701a79058510d0d34"
    integrity sha1-I+UWj6HAggGJ5YEnAaeQWFENDTQ=
  
  standard-http-error@^2.0.1:
    version "2.0.1"
    resolved "https://registry.npmjs.org/standard-http-error/-/standard-http-error-2.0.1.tgz#f8ae9172e3cef9cb38d2e7084a1925f57a7c34bd"
    integrity sha1-+K6RcuPO+cs40ucIShkl9Xp8NL0=
    dependencies:
      standard-error ">= 1.1.0 < 2"
  
  string_decoder@^1.1.1:
    version "1.2.0"
    resolved "https://registry.npmjs.org/string_decoder/-/string_decoder-1.2.0.tgz#fe86e738b19544afe70469243b2a1ee9240eae8d"
    integrity sha512-6YqyX6ZWEYguAxgZzHGL7SsCeGx3V2TtOTqZz1xSTSWnqsbWwbptafNyvf/ACquZUXV3DANr5BDIwNYe1mN42w==
    dependencies:
      safe-buffer "~5.1.0"
  
  string_decoder@~1.1.1:
    version "1.1.1"
    resolved "https://registry.npmjs.org/string_decoder/-/string_decoder-1.1.1.tgz#9cf1611ba62685d7030ae9e4ba34149c3af03fc8"
    integrity sha512-n/ShnvDi6FHbbVfviro+WojiFzv+s8MPMHBczVePfUpDJLwoLT0ht1l4YwBCbi8pJAveEEdnkHyPyTP/mzRfwg==
    dependencies:
      safe-buffer "~5.1.0"
  
  text-encoding@^0.6.1, text-encoding@^0.6.4:
    version "0.6.4"
    resolved "https://registry.npmjs.org/text-encoding/-/text-encoding-0.6.4.tgz#e399a982257a276dae428bb92845cb71bdc26d19"
    integrity sha1-45mpgiV6J22uQou5KEXLcb3CbRk=
  
  tough-cookie@~2.4.3:
    version "2.4.3"
    resolved "https://registry.npmjs.org/tough-cookie/-/tough-cookie-2.4.3.tgz#53f36da3f47783b0925afa06ff9f3b165280f781"
    integrity sha512-Q5srk/4vDM54WJsJio3XNn6K2sCG+CQ8G5Wz6bZhRZoAe/+TxjWB/GlFAnYEbkYVlON9FMk/fE3h2RLpPXo4lQ==
    dependencies:
      psl "^1.1.24"
      punycode "^1.4.1"
  
  tr46@^1.0.1:
    version "1.0.1"
    resolved "https://registry.npmjs.org/tr46/-/tr46-1.0.1.tgz#a8b13fd6bfd2489519674ccde55ba3693b706d09"
    integrity sha1-qLE/1r/SSJUZZ0zN5VujaTtwbQk=
    dependencies:
      punycode "^2.1.0"
  
  tunnel-agent@^0.6.0:
    version "0.6.0"
    resolved "https://registry.npmjs.org/tunnel-agent/-/tunnel-agent-0.6.0.tgz#27a5dea06b36b04a0a9966774b290868f0fc40fd"
    integrity sha1-J6XeoGs2sEoKmWZ3SykIaPD8QP0=
    dependencies:
      safe-buffer "^5.0.1"
  
  tweetnacl@^0.14.3, tweetnacl@~0.14.0:
    version "0.14.5"
    resolved "https://registry.npmjs.org/tweetnacl/-/tweetnacl-0.14.5.tgz#5ae68177f192d4456269d108afa93ff8743f4f64"
    integrity sha1-WuaBd/GS1EViadEIr6k/+HQ/T2Q=
  
  typedarray@^0.0.6:
    version "0.0.6"
    resolved "https://registry.npmjs.org/typedarray/-/typedarray-0.0.6.tgz#867ac74e3864187b1d3d47d996a78ec5c8830777"
    integrity sha1-hnrHTjhkGHsdPUfZlqeOxciDB3c=
  
  uri-js@^4.2.2:
    version "4.2.2"
    resolved "https://registry.npmjs.org/uri-js/-/uri-js-4.2.2.tgz#94c540e1ff772956e2299507c010aea6c8838eb0"
    integrity sha512-KY9Frmirql91X2Qgjry0Wd4Y+YTdrdZheS8TFwvkbLWf/G5KNJDCh6pKL5OZctEW4+0Baa5idK2ZQuELRwPznQ==
    dependencies:
      punycode "^2.1.0"
  
  util-deprecate@^1.0.1, util-deprecate@~1.0.1:
    version "1.0.2"
    resolved "https://registry.npmjs.org/util-deprecate/-/util-deprecate-1.0.2.tgz#450d4dc9fa70de732762fbd2d4a28981419a0ccf"
    integrity sha1-RQ1Nyfpw3nMnYvvS1KKJgUGaDM8=
  
  uuid@^3.3.2:
    version "3.3.2"
    resolved "https://registry.npmjs.org/uuid/-/uuid-3.3.2.tgz#1b4af4955eb3077c501c23872fc6513811587131"
    integrity sha512-yXJmeNaw3DnnKAOKJE51sL/ZaYfWJRl1pK9dr19YFCu0ObS231AB1/LbqTKRAQ5kw8A90rA6fr4riOUpTZvQZA==
  
  verror@1.10.0:
    version "1.10.0"
    resolved "https://registry.npmjs.org/verror/-/verror-1.10.0.tgz#3a105ca17053af55d6e270c1f8288682e18da400"
    integrity sha1-OhBcoXBTr1XW4nDB+CiGguGNpAA=
    dependencies:
      assert-plus "^1.0.0"
      core-util-is "1.0.2"
      extsprintf "^1.2.0"
  
  webidl-conversions@^4.0.2:
    version "4.0.2"
    resolved "https://registry.npmjs.org/webidl-conversions/-/webidl-conversions-4.0.2.tgz#a855980b1f0b6b359ba1d5d9fb39ae941faa63ad"
    integrity sha512-YQ+BmxuTgd6UXZW3+ICGfyqRyHXVlD5GtQr5+qjiNW7bF0cqrzX500HVXPBOvgXb5YnzDd+h0zqyv61KUD7+Sg==
  
  whatwg-fetch@>=0.10.0:
    version "3.0.0"
    resolved "https://registry.npmjs.org/whatwg-fetch/-/whatwg-fetch-3.0.0.tgz#fc804e458cc460009b1a2b966bc8817d2578aefb"
    integrity sha512-9GSJUgz1D4MfyKU7KRqwOjXCXTqWdFNvEr7eUBYchQiVc744mqK/MzXPNR2WsPkmkOa4ywfg8C2n8h+13Bey1Q==
  
  whatwg-url@^6.2.1, whatwg-url@^6.4.1:
    version "6.5.0"
    resolved "https://registry.npmjs.org/whatwg-url/-/whatwg-url-6.5.0.tgz#f2df02bff176fd65070df74ad5ccbb5a199965a8"
    integrity sha512-rhRZRqx/TLJQWUpQ6bmrt2UV4f0HCQ463yQuONJqC6fO2VoEb1pTYddbe59SkYq87aoM5A3bdhMZiUiVws+fzQ==
    dependencies:
      lodash.sortby "^4.7.0"
      tr46 "^1.0.1"
      webidl-conversions "^4.0.2"
  
  xmldom@0.1.19:
    version "0.1.19"
    resolved "https://registry.npmjs.org/xmldom/-/xmldom-0.1.19.tgz#631fc07776efd84118bf25171b37ed4d075a0abc"
    integrity sha1-Yx/Ad3bv2EEYvyUXGzftTQdaCrw=
  
  xmldom@^0.1.22:
    version "0.1.27"
    resolved "https://registry.npmjs.org/xmldom/-/xmldom-0.1.27.tgz#d501f97b3bdb403af8ef9ecc20573187aadac0e9"
    integrity sha1-1QH5ezvbQDr4757MIFcxh6rawOk=
